Build started 23/11/2014 16:18:20.
     1>Project "B:\GitHub\PianoGame\PianoGame.vcxproj" on node 2 (Build target(s)).
     1>ClCompile:
         C:\Program Files (x86)\Microsoft Visual Studio 11.0\VC\bin\CL.exe /c /ZI /nologo /W3 /WX- /Od /Oy- /D WIN32 /D _DEBUG /D _WINDOWS /D _UNICODE /D UNICODE /Gm /EHsc /RTC1 /MDd /GS /fp:precise /Zc:wchar_t /Zc:forScope /Fo"Debug\\" /Fd"Debug\vc110.pdb" /Gd /TP /analyze- /errorReport:prompt src\libmidi\Midi.cpp
         Midi.cpp
       ResourceCompile:
         C:\Program Files (x86)\Windows Kits\8.0\bin\x86\rc.exe /D _UNICODE /D UNICODE /l"0x0409" /nologo /fo"Debug\resource.res" src\resource.rc 
       Link:
         C:\Program Files (x86)\Microsoft Visual Studio 11.0\VC\bin\link.exe /ERRORREPORT:PROMPT /OUT:"B:\GitHub\PianoGame\Debug\PianoGame.exe" /INCREMENTAL /NOLOGO winmm.lib opengl32.lib glu32.lib kernel32.lib user32.lib gdi32.lib winspool.lib comdlg32.lib advapi32.lib shell32.lib ole32.lib oleaut32.lib uuid.lib odbc32.lib odbccp32.lib /MANIFEST /MANIFESTUAC:"level='asInvoker' uiAccess='false'" /manifest:embed /DEBUG /PDB:"B:\GitHub\PianoGame\Debug\PianoGame.pdb" /SUBSYSTEM:WINDOWS /TLBID:1 /DYNAMICBASE:NO /IMPLIB:"B:\GitHub\PianoGame\Debug\PianoGame.lib" /MACHINE:X86 /SAFESEH Debug\resource.res
         Debug\GameState.obj
         Debug\KeyboardDisplay.obj
         Debug\main.obj
         Debug\PianoGameError.obj
         Debug\Renderer.obj
         Debug\TextWriter.obj
         Debug\Tga.obj
         Debug\CompatibleSystem.obj
         Debug\file_selector.obj
         Debug\registry.obj
         Debug\UserSettings.obj
         Debug\State_Playing.obj
         Debug\State_Stats.obj
         Debug\State_Title.obj
         Debug\State_TrackSelection.obj
         Debug\DeviceTile.obj
         Debug\MenuLayout.obj
         Debug\StringTile.obj
         Debug\TrackTile.obj
         Debug\Midi.obj
         Debug\MidiComm.obj
         Debug\MidiEvent.obj
         Debug\MidiTrack.obj
         Debug\MidiUtil.obj
         Debug\SynthVolume.obj
     1>GameState.obj : warning LNK4075: ignoring '/EDITANDCONTINUE' due to '/SAFESEH' specification
         PianoGame.vcxproj -> B:\GitHub\PianoGame\Debug\PianoGame.exe
     1>Done Building Project "B:\GitHub\PianoGame\PianoGame.vcxproj" (Build target(s)).

Build succeeded.

Time Elapsed 00:00:01.61
